<?xml version="1.0" encoding="UTF-8"?>
<!-- Generated by org.testng.reporters.JUnitReportReporter -->
<testsuite hostname="LAPTOP-ODMH23SS" failures="0" tests="11" name="TestCases.Checkout_Complete_test" time="36.426" errors="0" timestamp="2024-10-24T07:01:58 IST" skipped="0">
  <testcase classname="TestCases.Checkout_Complete_test" name="verifyBackProductBtntest" time="3.073"/>
  <system-out/>
  <testcase classname="TestCases.Checkout_Complete_test" name="verifyTextFootertest" time="3.162"/>
  <system-out/>
  <testcase classname="TestCases.Checkout_Complete_test" name="verifylogoLinkedintest" time="2.952"/>
  <system-out/>
  <testcase classname="TestCases.Checkout_Complete_test" name="verifyThankYoutxttest" time="3.152"/>
  <system-out/>
  <testcase classname="TestCases.Checkout_Complete_test" name="verifyDispatchedtxttest" time="4.090"/>
  <system-out/>
  <testcase classname="TestCases.Checkout_Complete_test" name="verifylogoFacebooktest" time="3.022"/>
  <system-out/>
  <testcase classname="TestCases.Checkout_Complete_test" name="verifylogoTwittertest" time="3.096"/>
  <system-out/>
  <testcase classname="TestCases.Checkout_Complete_test" name="verifyCheckouttxttest" time="3.064"/>
  <system-out/>
  <testcase classname="TestCases.Checkout_Complete_test" name="verifyCompleteLogotest" time="3.204"/>
  <system-out/>
  <testcase classname="TestCases.Checkout_Complete_test" name="verifySwagLabsLogotest" time="3.093"/>
  <system-out/>
  <testcase classname="TestCases.Checkout_Complete_test" name="verifyCartBtntest" time="4.518"/>
  <system-out/>
</testsuite> <!-- TestCases.Checkout_Complete_test -->
