<?xml version="1.0" encoding="UTF-8"?>
<!-- Generated by org.testng.reporters.JUnitReportReporter -->
<testsuite hostname="LAPTOP-ODMH23SS" failures="0" tests="4" name="TestCases.InventoryPageTest" time="18.721" errors="0" timestamp="2024-10-24T20:17:24 IST" skipped="0">
  <testcase classname="TestCases.InventoryPageTest" name="add6products" time="5.379"/>
  <system-out/>
  <testcase classname="TestCases.InventoryPageTest" name="verifyLogotest" time="3.949"/>
  <system-out/>
  <testcase classname="TestCases.InventoryPageTest" name="VerifyTwitterLogoTest" time="3.894"/>
  <system-out/>
  <testcase classname="TestCases.InventoryPageTest" name="remove2products" time="5.499"/>
  <system-out/>
</testsuite> <!-- TestCases.InventoryPageTest -->
