<?xml version="1.0" encoding="UTF-8"?>
<!-- Generated by org.testng.reporters.JUnitReportReporter -->
<testsuite hostname="LAPTOP-ODMH23SS" failures="0" tests="1" name="TestCases.LoginTest" time="3.482" errors="0" timestamp="2024-10-24T20:17:24 IST" skipped="0">
  <testcase classname="TestCases.LoginTest" name="verifyURLOfApplication" time="3.482"/>
  <system-out>
    <![CDATA[URL of Swag Labs= https://www.saucedemo.com/]]>
  </system-out>
</testsuite> <!-- TestCases.LoginTest -->
