<?xml version="1.0" encoding="UTF-8"?>
<!-- Generated by org.testng.reporters.JUnitReportReporter -->
<testsuite hostname="LAPTOP-ODMH23SS" failures="0" tests="10" name="TestCases.Cart_Page_Test" time="59.713" errors="0" timestamp="2024-10-24T20:17:24 IST" skipped="0">
  <testcase classname="TestCases.Cart_Page_Test" name="VerifyCartLabeltest" time="9.522"/>
  <system-out/>
  <testcase classname="TestCases.Cart_Page_Test" name="CheckoutBtntest" time="6.602"/>
  <system-out/>
  <testcase classname="TestCases.Cart_Page_Test" name="verifylogoTtest" time="6.286"/>
  <system-out/>
  <testcase classname="TestCases.Cart_Page_Test" name="VerifyRemovePrdcttest" time="6.067"/>
  <system-out/>
  <testcase classname="TestCases.Cart_Page_Test" name="descrlabeltest" time="4.985"/>
  <system-out/>
  <testcase classname="TestCases.Cart_Page_Test" name="verifyTextFootertest" time="4.969"/>
  <system-out/>
  <testcase classname="TestCases.Cart_Page_Test" name="verifyLogotest" time="5.127"/>
  <system-out/>
  <testcase classname="TestCases.Cart_Page_Test" name="QTYLabeltest" time="5.634"/>
  <system-out/>
  <testcase classname="TestCases.Cart_Page_Test" name="VerifyContinueshopingBtntest" time="5.216"/>
  <system-out/>
  <testcase classname="TestCases.Cart_Page_Test" name="verifylogoFtest" time="5.305"/>
  <system-out/>
</testsuite> <!-- TestCases.Cart_Page_Test -->
