<?xml version="1.0" encoding="UTF-8"?>
<!-- Generated by org.testng.reporters.JUnitReportReporter -->
<testsuite hostname="LAPTOP-ODMH23SS" failures="0" tests="4" name="TestCases.CheckOutPage_Test" time="22.253" errors="0" timestamp="2024-10-24T20:17:24 IST" skipped="0">
  <testcase classname="TestCases.CheckOutPage_Test" name="verifyCancleBtntest" time="5.445"/>
  <system-out/>
  <testcase classname="TestCases.CheckOutPage_Test" name="verifychecklabeltest" time="5.816"/>
  <system-out/>
  <testcase classname="TestCases.CheckOutPage_Test" name="InputInfotest" time="5.773"/>
  <system-out/>
  <testcase classname="TestCases.CheckOutPage_Test" name="verifyLogotest" time="5.219"/>
  <system-out/>
</testsuite> <!-- TestCases.CheckOutPage_Test -->
